#
# A fatal error has been detected by the Java Runtime Environment:
#
#  EXCEPTION_ACCESS_VIOLATION (0xc0000005) at pc=0x00000000757a3982, pid=3288, tid=5136
#
# JRE version: Java(TM) SE Runtime Environment (8.0_74-b02) (build 1.8.0_74-b02)
# Java VM: Java HotSpot(TM) 64-Bit Server VM (25.74-b02 mixed mode windows-amd64 compressed oops)
# Problematic frame:
# V  [jvm.dll+0x143982]
#
# Failed to write core dump. Minidumps are not enabled by default on client versions of Windows
#
# If you would like to submit a bug report, please visit:
#   http://bugreport.java.com/bugreport/crash.jsp
#

---------------  T H R E A D  ---------------

Current thread (0x0000000002fee000):  JavaThread "main" [_thread_in_vm, id=5136, stack(0x0000000002c70000,0x0000000002d70000)]

siginfo: ExceptionCode=0xc0000005, reading address 0x0000000000000000

Registers:
RAX=0x0000000000000000, RBX=0x0000000002fee000, RCX=0x0000000000000e00, RDX=0x0000000000000000
RSP=0x0000000002d6f140, RBP=0x0000000000000000, RSI=0x0000000000000000, RDI=0x0000000000000000
R8 =0x0000000000000000, R9 =0x0000000100060828, R10=0x000000000300dfa0, R11=0x0000000002d6f268
R12=0x0000000000000000, R13=0x0000000017a08190, R14=0x0000000002d6f350, R15=0x0000000002fee000
RIP=0x00000000757a3982, EFLAGS=0x0000000000010202

Top of Stack: (sp=0x0000000002d6f140)
0x0000000002d6f140:   0000000000000007 00000000756f936f
0x0000000002d6f150:   0000000002fe9be0 0000000002fee5b0
0x0000000002d6f160:   0000000002fee000 0000000000000000
0x0000000002d6f170:   00000000000003d8 0000000002fee000
0x0000000002d6f180:   0000000002fee000 0000000002fea0a0
0x0000000002d6f190:   0000000002fee9a0 00000000756f936f
0x0000000002d6f1a0:   0000000002feea88 00000000000000d8
0x0000000002d6f1b0:   0000000002fee1f8 000000018000236b
0x0000000002d6f1c0:   0000000000000000 0000000002d6f350
0x0000000002d6f1d0:   0000000002feea88 0000000000f90450
0x0000000002d6f1e0:   0000000002d6f6e8 0000000002fee1f8
0x0000000002d6f1f0:   0000000000000000 0000000002d6f350
0x0000000002d6f200:   0000000000000000 0000000090000021
0x0000000002d6f210:   0000000017a12cf0 fffffffffffffffe
0x0000000002d6f220:   0000000002fea0a0 00000000757a5d4b
0x0000000002d6f230:   0000000002d6f6e8 0000000019ee4b50 

Instructions: (pc=0x00000000757a3982)
0x00000000757a3962:   89 5c 24 20 48 89 74 24 28 48 39 73 08 74 0a 48
0x00000000757a3972:   8d 4c 24 20 e8 c5 5b 13 00 40 38 35 3e d9 6b 00
0x00000000757a3982:   48 8b 3f 48 63 05 40 53 6a 00 74 1b 8b 0c 38 85
0x00000000757a3992:   c9 74 7c 8b c1 8b 0d e3 2d 65 00 48 d3 e0 48 03 


Register to memory mapping:

RAX=0x0000000000000000 is an unknown value
RBX=0x0000000002fee000 is a thread
RCX=0x0000000000000e00 is an unknown value
RDX=0x0000000000000000 is an unknown value
RSP=0x0000000002d6f140 is pointing into the stack for thread: 0x0000000002fee000
RBP=0x0000000000000000 is an unknown value
RSI=0x0000000000000000 is an unknown value
RDI=0x0000000000000000 is an unknown value
R8 =0x0000000000000000 is an unknown value
R9 =0x0000000100060828 is pointing into metadata
R10=0x000000000300dfa0 is at code_begin+1632 in an Interpreter codelet
method entry point (kind = native)  [0x000000000300d940, 0x000000000300e960]  4128 bytes
R11=0x0000000002d6f268 is pointing into the stack for thread: 0x0000000002fee000
R12=0x0000000000000000 is an unknown value
R13={method} {0x0000000017a08198} 'getValueIndexingParents' '(Ljava/lang/String;)[I' in 'smile/Network'
R14=0x0000000002d6f350 is pointing into the stack for thread: 0x0000000002fee000
R15=0x0000000002fee000 is a thread


Stack: [0x0000000002c70000,0x0000000002d70000],  sp=0x0000000002d6f140,  free space=1020k
Native frames: (J=compiled Java code, j=interpreted, Vv=VM code, C=native code)

Java frames: (J=compiled Java code, j=interpreted, Vv=VM code)
j  smile.Network.getValueIndexingParents(Ljava/lang/String;)[I+0
j  jsmileexample.UtilityExtractor.rekursiv(IILjsmileexample/GNodeValue;)V+13
j  jsmileexample.UtilityExtractor.extract(Ljava/lang/String;)Ljsmileexample/GNodeValueInformation;+32
j  jsmileexample.JSmileExample.main([Ljava/lang/String;)V+32
v  ~StubRoutines::call_stub

---------------  P R O C E S S  ---------------

Java Threads: ( => current thread )
  0x0000000019fa7000 JavaThread "Service Thread" daemon [_thread_blocked, id=6048, stack(0x000000001add0000,0x000000001aed0000)]
  0x0000000019f1c800 JavaThread "C1 CompilerThread3" daemon [_thread_blocked, id=3400, stack(0x000000001acd0000,0x000000001add0000)]
  0x0000000019f19800 JavaThread "C2 CompilerThread2" daemon [_thread_blocked, id=2696, stack(0x000000001abd0000,0x000000001acd0000)]
  0x0000000019f18000 JavaThread "C2 CompilerThread1" daemon [_thread_blocked, id=2692, stack(0x000000001aad0000,0x000000001abd0000)]
  0x0000000019f0e800 JavaThread "C2 CompilerThread0" daemon [_thread_blocked, id=1224, stack(0x000000001a9d0000,0x000000001aad0000)]
  0x0000000019f01000 JavaThread "JDWP Command Reader" daemon [_thread_in_native, id=3016, stack(0x000000001a8d0000,0x000000001a9d0000)]
  0x0000000019efe000 JavaThread "JDWP Event Helper Thread" daemon [_thread_blocked, id=5128, stack(0x000000001a7d0000,0x000000001a8d0000)]
  0x0000000019ef2000 JavaThread "JDWP Transport Listener: dt_shmem" daemon [_thread_blocked, id=2980, stack(0x000000001a6d0000,0x000000001a7d0000)]
  0x0000000019ee8000 JavaThread "Attach Listener" daemon [_thread_blocked, id=1768, stack(0x000000001a5d0000,0x000000001a6d0000)]
  0x0000000017ffe800 JavaThread "Signal Dispatcher" daemon [_thread_blocked, id=6900, stack(0x000000001a4d0000,0x000000001a5d0000)]
  0x0000000002efd800 JavaThread "Finalizer" daemon [_thread_blocked, id=668, stack(0x000000001a2c0000,0x000000001a3c0000)]
  0x0000000017fed800 JavaThread "Reference Handler" daemon [_thread_blocked, id=5244, stack(0x0000000019dc0000,0x0000000019ec0000)]
=>0x0000000002fee000 JavaThread "main" [_thread_in_vm, id=5136, stack(0x0000000002c70000,0x0000000002d70000)]

Other Threads:
  0x0000000017fe9000 VMThread [stack: 0x0000000019cc0000,0x0000000019dc0000] [id=6868]
  0x0000000019fab800 WatcherThread [stack: 0x000000001aed0000,0x000000001afd0000] [id=1684]

VM state:not at safepoint (normal execution)

VM Mutex/Monitor currently owned by a thread: None

Heap:
 PSYoungGen      total 38400K, used 1996K [0x00000000d5980000, 0x00000000d8400000, 0x0000000100000000)
  eden space 33280K, 6% used [0x00000000d5980000,0x00000000d5b73360,0x00000000d7a00000)
  from space 5120K, 0% used [0x00000000d7f00000,0x00000000d7f00000,0x00000000d8400000)
  to   space 5120K, 0% used [0x00000000d7a00000,0x00000000d7a00000,0x00000000d7f00000)
 ParOldGen       total 87552K, used 0K [0x0000000080c00000, 0x0000000086180000, 0x00000000d5980000)
  object space 87552K, 0% used [0x0000000080c00000,0x0000000080c00000,0x0000000086180000)
 Metaspace       used 2936K, capacity 4658K, committed 4864K, reserved 1056768K
  class space    used 313K, capacity 418K, committed 512K, reserved 1048576K

Card table byte_map: [0x00000000123b0000,0x00000000127b0000] byte_map_base: 0x0000000011faa000

Marking Bits: (ParMarkBitMap*) 0x0000000075e70600
 Begin Bits: [0x0000000013260000, 0x0000000015230000)
 End Bits:   [0x0000000015230000, 0x0000000017200000)

Polling page: 0x00000000014d0000

CodeCache: size=245760Kb used=1112Kb max_used=1112Kb free=244647Kb
 bounds [0x0000000002ff0000, 0x0000000003260000, 0x0000000011ff0000]
 total_blobs=267 nmethods=34 adapters=155
 compilation: enabled

Compilation events (10 events):
Event: 0.173 Thread 0x0000000019f1c800   30       3       java.lang.String::startsWith (7 bytes)
Event: 0.173 Thread 0x0000000019f1c800 nmethod 30 0x0000000003101490 code [0x0000000003101600, 0x0000000003101828]
Event: 0.173 Thread 0x0000000019f1c800   32       1       java.lang.Object::<init> (1 bytes)
Event: 0.173 Thread 0x0000000019f1c800 nmethod 32 0x0000000003104950 code [0x0000000003104aa0, 0x0000000003104bb0]
Event: 0.173 Thread 0x0000000019f1c800   31       3       java.lang.AbstractStringBuilder::append (50 bytes)
Event: 0.174 Thread 0x0000000019f1c800 nmethod 31 0x0000000003104c10 code [0x0000000003104da0, 0x00000000031052a8]
Event: 0.174 Thread 0x0000000019f1c800   33       1       java.lang.String::length (6 bytes)
Event: 0.174 Thread 0x0000000019f1c800 nmethod 33 0x0000000003105490 code [0x00000000031055e0, 0x00000000031056f0]
Event: 0.174 Thread 0x0000000019f1c800   34       3       java.util.HashMap::hash (20 bytes)
Event: 0.174 Thread 0x0000000019f1c800 nmethod 34 0x0000000003106190 code [0x0000000003106300, 0x0000000003106568]

GC Heap History (0 events):
No events

Deoptimization events (0 events):
No events

Internal exceptions (2 events):
Event: 0.037 Thread 0x0000000002fee000 Exception <a 'java/lang/NoSuchMethodError': Method sun.misc.Unsafe.defineClass(Ljava/lang/String;[BII)Ljava/lang/Class; name or signature does not match> (0x00000000d5987cc0) thrown at [C:\re\workspace\8-2-build-windows-amd64-cygwin\jdk8u74\6087\hotspot\sr<%hëÄÔ¢?
Event: 0.037 Thread 0x0000000002fee000 Exception <a 'java/lang/NoSuchMethodError': Method sun.misc.Unsafe.prefetchRead(Ljava/lang/Object;J)V name or signature does not match> (0x00000000d5987fa8) thrown at [C:\re\workspace\8-2-build-windows-amd64-cygwin\jdk8u74\6087\hotspot\src\share\vm\prims\j

Events (10 events):
Event: 55.645 Executing VM operation: ChangeSingleStep
Event: 55.645 Executing VM operation: ChangeSingleStep done
Event: 55.645 Executing VM operation: ChangeSingleStep
Event: 55.645 Executing VM operation: ChangeSingleStep done
Event: 55.646 Executing VM operation: GetCurrentLocation
Event: 55.646 Executing VM operation: GetCurrentLocation done
Event: 55.646 Executing VM operation: ChangeSingleStep
Event: 55.646 Executing VM operation: ChangeSingleStep done
Event: 55.646 Executing VM operation: ChangeSingleStep
Event: 55.646 Executing VM operation: ChangeSingleStep done


Dynamic libraries:
0x00007ff748550000 - 0x00007ff748587000 	C:\Program Files\Java\jdk1.8.0_74\bin\java.exe
0x00007ffcb6640000 - 0x00007ffcb6802000 	C:\Windows\SYSTEM32\ntdll.dll
0x00007ffcb6570000 - 0x00007ffcb661d000 	C:\Windows\system32\KERNEL32.DLL
0x00007ffcb3440000 - 0x00007ffcb361d000 	C:\Windows\system32\KERNELBASE.dll
0x00007ffcb5d20000 - 0x00007ffcb5dc6000 	C:\Windows\system32\ADVAPI32.dll
0x00007ffcb4620000 - 0x00007ffcb46bd000 	C:\Windows\system32\msvcrt.dll
0x00007ffcb3e70000 - 0x00007ffcb3ecb000 	C:\Windows\system32\sechost.dll
0x00007ffcb61c0000 - 0x00007ffcb62e6000 	C:\Windows\system32\RPCRT4.dll
0x00007ffcb6010000 - 0x00007ffcb615e000 	C:\Windows\system32\USER32.dll
0x00007ffcb43b0000 - 0x00007ffcb4535000 	C:\Windows\system32\GDI32.dll
0x00007ffcae5f0000 - 0x00007ffcae864000 	C:\Windows\WinSxS\amd64_microsoft.windows.common-controls_6595b64144ccf1df_6.0.10240.16384_none_f41f7b285750ef43\COMCTL32.dll
0x00007ffcb3f80000 - 0x00007ffcb3fb6000 	C:\Windows\system32\IMM32.DLL
0x00007ffcb4250000 - 0x00007ffcb43ac000 	C:\Windows\system32\MSCTF.dll
0x0000000076480000 - 0x0000000076552000 	C:\Program Files\Java\jdk1.8.0_74\jre\bin\msvcr100.dll
0x0000000075660000 - 0x0000000075ef0000 	C:\Program Files\Java\jdk1.8.0_74\jre\bin\server\jvm.dll
0x00007ffcb4240000 - 0x00007ffcb4248000 	C:\Windows\system32\PSAPI.DLL
0x00007ffcaed90000 - 0x00007ffcaed9a000 	C:\Windows\SYSTEM32\VERSION.dll
0x00007ffcb16c0000 - 0x00007ffcb16e3000 	C:\Windows\SYSTEM32\WINMM.dll
0x00007ffcaecb0000 - 0x00007ffcaecb9000 	C:\Windows\SYSTEM32\WSOCK32.dll
0x00007ffcb5dd0000 - 0x00007ffcb5e39000 	C:\Windows\system32\WS2_32.dll
0x00007ffcb41d0000 - 0x00007ffcb41d8000 	C:\Windows\system32\NSI.dll
0x0000000002c40000 - 0x0000000002c6c000 	C:\Windows\SYSTEM32\WINMMBASE.dll
0x00007ffcb33f0000 - 0x00007ffcb3434000 	C:\Windows\system32\cfgmgr32.dll
0x00007ffcb1940000 - 0x00007ffcb1967000 	C:\Windows\SYSTEM32\DEVOBJ.dll
0x0000000076470000 - 0x000000007647f000 	C:\Program Files\Java\jdk1.8.0_74\jre\bin\verify.dll
0x00000000755f0000 - 0x0000000075619000 	C:\Program Files\Java\jdk1.8.0_74\jre\bin\java.dll
0x0000000073140000 - 0x0000000073175000 	C:\Program Files\Java\jdk1.8.0_74\jre\bin\jdwp.dll
0x0000000073130000 - 0x0000000073138000 	C:\Program Files\Java\jdk1.8.0_74\jre\bin\npt.dll
0x00000000755d0000 - 0x00000000755e6000 	C:\Program Files\Java\jdk1.8.0_74\jre\bin\zip.dll
0x00007ffcb4780000 - 0x00007ffcb5ca3000 	C:\Windows\system32\SHELL32.dll
0x00007ffcb36e0000 - 0x00007ffcb3d09000 	C:\Windows\system32\windows.storage.dll
0x00007ffcb62f0000 - 0x00007ffcb656c000 	C:\Windows\system32\combase.dll
0x00007ffcb4170000 - 0x00007ffcb41c1000 	C:\Windows\system32\shlwapi.dll
0x00007ffcb3100000 - 0x00007ffcb310f000 	C:\Windows\system32\kernel.appcore.dll
0x00007ffcb3620000 - 0x00007ffcb36d3000 	C:\Windows\system32\shcore.dll
0x00007ffcb3090000 - 0x00007ffcb30da000 	C:\Windows\system32\powrprof.dll
0x00007ffcb3070000 - 0x00007ffcb3083000 	C:\Windows\system32\profapi.dll
0x0000000073180000 - 0x000000007318b000 	C:\Program Files\Java\jdk1.8.0_74\jre\bin\dt_shmem.dll
0x0000000180000000 - 0x00000001801fa000 	E:\Development\Jars\Jsmile\jsmile.dll
0x00007ffca86a0000 - 0x00007ffca882a000 	C:\Windows\SYSTEM32\dbghelp.dll

VM Arguments:
jvm_args: -Xdebug -Xrunjdwp:transport=dt_shmem,address=javadebug -Dfile.encoding=UTF-8 -Djava.library.path=E:\Development\Jars\Jsmile 
java_command: jsmileexample.JSmileExample
java_class_path (initial): E:\Development\Jars\Jsmile\smile.jar;E:\Development\JSmileExample\build\classes
Launcher Type: SUN_STANDARD

Environment Variables:
JAVA_HOME=C:\Program Files\Java\jdk1.8.0_74
JRE_HOME=C:\Program Files\Java\jre1.8.0_74
CLASSPATH=E:\Programme\FICO\lib\xprs.jar;E:\Programme\FICO\lib\xprb.jar;E:\Programme\FICO\lib\xprm.jar;
PATH=E:\Programme\CPLEX\opl\bin\x64_win64;E:\Programme\CPLEX\opl\oplide\;E:\Programme\CPLEX\cplex\bin\x64_win64;E:\Programme\CPLEX\cpoptimizer\bin\x64_win64;E:\Programme\FICO\bin;C:\ProgramData\Oracle\Java\javapath;C:\Windows\system32;C:\Windows;C:\Windows\System32\Wbem;C:\Windows\System32\WindowsPowerShell\v1.0\;C:\Program Files (x86)\Skype\Phone\;C:\Program Files\Java\jdk1.8.0_74\bin;%M2_HOME%\bin;C:\Program Files\axis2-1.7.1\bin
USERNAME=Andy
OS=Windows_NT
PROCESSOR_IDENTIFIER=Intel64 Family 6 Model 58 Stepping 9, GenuineIntel



---------------  S Y S T E M  ---------------

OS: Windows 10.0 , 64 bit Build 10240 (10.0.10240.16384)

CPU:total 8 (4 cores per cpu, 2 threads per core) family 6 model 58 stepping 9, cmov, cx8, fxsr, mmx, sse, sse2, sse3, ssse3, sse4.1, sse4.2, popcnt, avx, aes, clmul, erms, ht, tsc, tscinvbit, tscinv

Memory: 4k page, physical 8333444k(4606304k free), swap 9644164k(5502392k free)

vm_info: Java HotSpot(TM) 64-Bit Server VM (25.74-b02) for windows-amd64 JRE (1.8.0_74-b02), built on Jan 29 2016 17:42:36 by "java_re" with MS VC++ 10.0 (VS2010)

time: Fri Jun 17 11:02:20 2016
elapsed time: 55 seconds (0d 0h 0m 55s)

